<?xml version="1.0" encoding="UTF-8"?>
<!-- Generated by org.testng.reporters.JUnitReportReporter -->
<testsuite hostname="DESKTOP-CD64S2Q" failures="0" tests="1" name="Application.DataWarehouse.BasicInformation.Dimensions.SimpleBasicInformation.testCase.AlphabetOderby.TestCase_CreateBasicInformaionWhitChild_AlphabetOderby_01003" time="31.500" errors="0" timestamp="2021-11-08T14:45:57 IRST" skipped="0">
  <testcase classname="Application.DataWarehouse.BasicInformation.Dimensions.SimpleBasicInformation.testCase.AlphabetOderby.TestCase_CreateBasicInformaionWhitChild_AlphabetOderby_01003" name="f" time="31.500"/>
  <system-out/>
</testsuite> <!-- Application.DataWarehouse.BasicInformation.Dimensions.SimpleBasicInformation.testCase.AlphabetOderby.TestCase_CreateBasicInformaionWhitChild_AlphabetOderby_01003 -->
