<?xml version="1.0" encoding="UTF-8"?>
<!-- Generated by org.testng.reporters.JUnitReportReporter -->
<testsuite hostname="DESKTOP-CD64S2Q" failures="0" tests="1" name="P01_Application.P02_DataWarehouse.BasicInformation.Dimensions.SimpleBasicInformation.testCase.TestCase_CreateBasicInformation_ValueOderby" time="17.727" errors="0" timestamp="2021-08-31T14:02:53 IRDT" skipped="0">
  <testcase classname="P01_Application.P02_DataWarehouse.BasicInformation.Dimensions.SimpleBasicInformation.testCase.TestCase_CreateBasicInformation_ValueOderby" name="f" time="17.727"/>
  <system-out/>
</testsuite> <!-- P01_Application.P02_DataWarehouse.BasicInformation.Dimensions.SimpleBasicInformation.testCase.TestCase_CreateBasicInformation_ValueOderby -->
