<?xml version="1.0" encoding="UTF-8"?>
<!-- Generated by org.testng.reporters.JUnitReportReporter -->
<testsuite hostname="DESKTOP-CD64S2Q" failures="0" tests="1" name="Application.DataWarehouse.BasicInformation.Dimensions.SimpleBasicInformation.testCase.AlphabetOderby.TestCase_CreateBasicInformaionWhitChild_AlphabetOderby" time="9.801" errors="0" timestamp="2021-10-03T09:39:58 IRST" skipped="0">
  <testcase classname="Application.DataWarehouse.BasicInformation.Dimensions.SimpleBasicInformation.testCase.AlphabetOderby.TestCase_CreateBasicInformaionWhitChild_AlphabetOderby" name="f" time="9.801"/>
  <system-out/>
</testsuite> <!-- Application.DataWarehouse.BasicInformation.Dimensions.SimpleBasicInformation.testCase.AlphabetOderby.TestCase_CreateBasicInformaionWhitChild_AlphabetOderby -->
