<?xml version="1.0" encoding="UTF-8"?>
<!-- Generated by org.testng.reporters.JUnitReportReporter -->
<testsuite hostname="DESKTOP-CD64S2Q" failures="0" tests="1" name="testCase.TestCase_createUDT" time="11.415" errors="0" timestamp="2021-08-25T15:58:24 IRDT" skipped="0">
  <testcase classname="testCase.TestCase_createUDT" name="f" time="11.415"/>
  <system-out/>
</testsuite> <!-- testCase.TestCase_createUDT -->
