<?xml version="1.0" encoding="UTF-8"?>
<!-- Generated by org.testng.reporters.JUnitReportReporter -->
<testsuite hostname="DESKTOP-CD64S2Q" failures="0" tests="1" name="Application.DataWarehouse.BasicInformation.Dimensions.SimpleBasicInformation.testCase.AlphabetOderby.TestCase_AddValueToBasicInformaion_AlphabetOderby_01005" time="42.095" errors="0" timestamp="2021-11-10T15:41:07 IRST" skipped="0">
  <testcase classname="Application.DataWarehouse.BasicInformation.Dimensions.SimpleBasicInformation.testCase.AlphabetOderby.TestCase_AddValueToBasicInformaion_AlphabetOderby_01005" name="f" time="42.095"/>
  <system-out/>
</testsuite> <!-- Application.DataWarehouse.BasicInformation.Dimensions.SimpleBasicInformation.testCase.AlphabetOderby.TestCase_AddValueToBasicInformaion_AlphabetOderby_01005 -->
