<?xml version="1.0" encoding="UTF-8"?>
<!-- Generated by org.testng.reporters.JUnitReportReporter -->
<testsuite hostname="DESKTOP-CD64S2Q" failures="0" tests="1" name="Application.DataWarehouse.BasicInformation.Dimensions.SimpleBasicInformation.testCase.AlphabetOderby.TestCase_SearchChildValuesBasicInformaion_01013" time="8.900" errors="0" timestamp="2021-10-11T13:41:46 IRST" skipped="0">
  <testcase classname="Application.DataWarehouse.BasicInformation.Dimensions.SimpleBasicInformation.testCase.AlphabetOderby.TestCase_SearchChildValuesBasicInformaion_01013" name="f" time="8.900"/>
  <system-out/>
</testsuite> <!-- Application.DataWarehouse.BasicInformation.Dimensions.SimpleBasicInformation.testCase.AlphabetOderby.TestCase_SearchChildValuesBasicInformaion_01013 -->
