<?xml version="1.0" encoding="UTF-8"?>
<!-- Generated by org.testng.reporters.JUnitReportReporter -->
<testsuite hostname="DESKTOP-CD64S2Q" failures="0" tests="1" name="Application.DataWarehouse.BasicInformation.Dimensions.SimpleBasicInformation.testCase.AlphabetOderby.TestCase_CreateBasicInformaionByValue_AlphabetOderby_ByCSV_01002" time="10.094" errors="0" timestamp="2021-11-08T12:34:13 IRST" skipped="0">
  <testcase classname="Application.DataWarehouse.BasicInformation.Dimensions.SimpleBasicInformation.testCase.AlphabetOderby.TestCase_CreateBasicInformaionByValue_AlphabetOderby_ByCSV_01002" name="f" time="10.094"/>
  <system-out/>
</testsuite> <!-- Application.DataWarehouse.BasicInformation.Dimensions.SimpleBasicInformation.testCase.AlphabetOderby.TestCase_CreateBasicInformaionByValue_AlphabetOderby_ByCSV_01002 -->
