<?xml version="1.0" encoding="UTF-8"?>
<!-- Generated by org.testng.reporters.JUnitReportReporter -->
<testsuite hostname="DESKTOP-CD64S2Q" failures="0" tests="1" name="Application.DataWarehouse.BasicInformation.Dimensions.SimpleBasicInformation.testCase.AlphabetOderby.TestCase_CreateBasicInformaionWhitChildAndValue_AlphabetOderby_01004" time="19.908" errors="0" timestamp="2021-10-03T17:02:17 IRST" skipped="0">
  <testcase classname="Application.DataWarehouse.BasicInformation.Dimensions.SimpleBasicInformation.testCase.AlphabetOderby.TestCase_CreateBasicInformaionWhitChildAndValue_AlphabetOderby_01004" name="f" time="19.908"/>
  <system-out/>
</testsuite> <!-- Application.DataWarehouse.BasicInformation.Dimensions.SimpleBasicInformation.testCase.AlphabetOderby.TestCase_CreateBasicInformaionWhitChildAndValue_AlphabetOderby_01004 -->
