<?xml version="1.0" encoding="UTF-8"?>
<!-- Generated by org.testng.reporters.JUnitReportReporter -->
<testsuite hostname="DESKTOP-CD64S2Q" failures="0" tests="1" name="P01_Application.P06_Establishment.LoginSecurity.testCase.TestCase_Login2" time="5.429" errors="0" timestamp="2021-09-01T12:47:50 IRDT" skipped="0">
  <testcase classname="P01_Application.P06_Establishment.LoginSecurity.testCase.TestCase_Login2" name="f" time="5.429"/>
  <system-out/>
</testsuite> <!-- P01_Application.P06_Establishment.LoginSecurity.testCase.TestCase_Login2 -->
