<?xml version="1.0" encoding="UTF-8"?>
<!-- Generated by org.testng.reporters.JUnitReportReporter -->
<testsuite hostname="DESKTOP-CD64S2Q" failures="0" tests="1" name="Application.DataWarehouse.BasicInformation.Dimensions.SimpleBasicInformation.testCase.TestCase_createUDT_ValueOderby" time="16.607" errors="0" timestamp="2021-08-28T18:01:02 IRDT" skipped="0">
  <testcase classname="Application.DataWarehouse.BasicInformation.Dimensions.SimpleBasicInformation.testCase.TestCase_createUDT_ValueOderby" name="f" time="16.607"/>
  <system-out/>
</testsuite> <!-- Application.DataWarehouse.BasicInformation.Dimensions.SimpleBasicInformation.testCase.TestCase_createUDT_ValueOderby -->
