<?xml version="1.0" encoding="UTF-8"?>
<!-- Generated by org.testng.reporters.JUnitReportReporter -->
<testsuite hostname="DESKTOP-CD64S2Q" failures="0" tests="1" name="Application.DataWarehouse.BasicInformation.Dimensions.SimpleBasicInformation.testCase.AlphabetOderby.TestCase_CreateBasicInformaionWithChildAndValue_AlphabetOderby_01004" time="19.816" errors="0" timestamp="2021-11-08T15:48:56 IRST" skipped="0">
  <testcase classname="Application.DataWarehouse.BasicInformation.Dimensions.SimpleBasicInformation.testCase.AlphabetOderby.TestCase_CreateBasicInformaionWithChildAndValue_AlphabetOderby_01004" name="f" time="19.816"/>
  <system-out/>
</testsuite> <!-- Application.DataWarehouse.BasicInformation.Dimensions.SimpleBasicInformation.testCase.AlphabetOderby.TestCase_CreateBasicInformaionWithChildAndValue_AlphabetOderby_01004 -->
